Picked up JAVA_TOOL_OPTIONS: -Dcom.sun.management.jmxremote -Dcom.sun.management.jmxremote.port=9010 -Dcom.sun.management.jmxremote.rmi.port=9010 -Dcom.sun.management.jmxremote.local.only=false -Dcom.sun.management.jmxremote.authenticate=false -Dcom.sun.management.jmxremote.ssl=false -Djava.rmi.server.hostname=127.0.0.1
Error: JMX connector server communication error: service:jmx:rmi://my-hello-spring-hello-container-5446b544fc-g7w26:9010
jdk.internal.agent.AgentConfigurationError: java.rmi.server.ExportException: Port already in use: 9010; nested exception is: 
	java.net.BindException: Address already in use
	at jdk.management.agent/sun.management.jmxremote.ConnectorBootstrap.exportMBeanServer(ConnectorBootstrap.java:843)
	at jdk.management.agent/sun.management.jmxremote.ConnectorBootstrap.startRemoteConnectorServer(ConnectorBootstrap.java:480)
	at jdk.management.agent/jdk.internal.agent.Agent.startAgent(Agent.java:447)
	at jdk.management.agent/jdk.internal.agent.Agent.startAgent(Agent.java:599)
Caused by: java.rmi.server.ExportException: Port already in use: 9010; nested exception is: 
	java.net.BindException: Address already in use
	at java.rmi/sun.rmi.transport.tcp.TCPTransport.listen(TCPTransport.java:346)
	at java.rmi/sun.rmi.transport.tcp.TCPTransport.exportObject(TCPTransport.java:243)
	at java.rmi/sun.rmi.transport.tcp.TCPEndpoint.exportObject(TCPEndpoint.java:415)
	at java.rmi/sun.rmi.transport.LiveRef.exportObject(LiveRef.java:147)
	at java.rmi/sun.rmi.server.UnicastServerRef.exportObject(UnicastServerRef.java:235)
	at jdk.management.agent/sun.management.jmxremote.ConnectorBootstrap$PermanentExporter.exportObject(ConnectorBootstrap.java:205)
	at java.management.rmi/javax.management.remote.rmi.RMIJRMPServerImpl.export(RMIJRMPServerImpl.java:153)
	at java.management.rmi/javax.management.remote.rmi.RMIJRMPServerImpl.export(RMIJRMPServerImpl.java:138)
	at java.management.rmi/javax.management.remote.rmi.RMIConnectorServer.start(RMIConnectorServer.java:453)
	at jdk.management.agent/sun.management.jmxremote.ConnectorBootstrap.exportMBeanServer(ConnectorBootstrap.java:839)
	... 3 more
Caused by: java.net.BindException: Address already in use
	at java.base/sun.nio.ch.Net.bind0(Native Method)
	at java.base/sun.nio.ch.Net.bind(Net.java:555)
	at java.base/sun.nio.ch.Net.bind(Net.java:544)
	at java.base/sun.nio.ch.NioSocketImpl.bind(NioSocketImpl.java:648)
	at java.base/java.net.ServerSocket.bind(ServerSocket.java:388)
	at java.base/java.net.ServerSocket.<init>(ServerSocket.java:274)
	at java.base/java.net.ServerSocket.<init>(ServerSocket.java:167)
	at java.rmi/sun.rmi.transport.tcp.TCPDirectSocketFactory.createServerSocket(TCPDirectSocketFactory.java:45)
	at java.rmi/sun.rmi.transport.tcp.TCPEndpoint.newServerSocket(TCPEndpoint.java:673)
	at java.rmi/sun.rmi.transport.tcp.TCPTransport.listen(TCPTransport.java:335)
	... 12 more
Picked up JAVA_TOOL_OPTIONS: -Dcom.sun.management.jmxremote -Dcom.sun.management.jmxremote.port=9010 -Dcom.sun.management.jmxremote.rmi.port=9010 -Dcom.sun.management.jmxremote.local.only=false -Dcom.sun.management.jmxremote.authenticate=false -Dcom.sun.management.jmxremote.ssl=false -Djava.rmi.server.hostname=127.0.0.1
Error: JMX connector server communication error: service:jmx:rmi://my-hello-spring-hello-container-5446b544fc-g7w26:9010
jdk.internal.agent.AgentConfigurationError: java.rmi.server.ExportException: Port already in use: 9010; nested exception is: 
	java.net.BindException: Address already in use
	at jdk.management.agent/sun.management.jmxremote.ConnectorBootstrap.exportMBeanServer(ConnectorBootstrap.java:843)
	at jdk.management.agent/sun.management.jmxremote.ConnectorBootstrap.startRemoteConnectorServer(ConnectorBootstrap.java:480)
	at jdk.management.agent/jdk.internal.agent.Agent.startAgent(Agent.java:447)
	at jdk.management.agent/jdk.internal.agent.Agent.startAgent(Agent.java:599)
Caused by: java.rmi.server.ExportException: Port already in use: 9010; nested exception is: 
	java.net.BindException: Address already in use
	at java.rmi/sun.rmi.transport.tcp.TCPTransport.listen(TCPTransport.java:346)
	at java.rmi/sun.rmi.transport.tcp.TCPTransport.exportObject(TCPTransport.java:243)
	at java.rmi/sun.rmi.transport.tcp.TCPEndpoint.exportObject(TCPEndpoint.java:415)
	at java.rmi/sun.rmi.transport.LiveRef.exportObject(LiveRef.java:147)
	at java.rmi/sun.rmi.server.UnicastServerRef.exportObject(UnicastServerRef.java:235)
	at jdk.management.agent/sun.management.jmxremote.ConnectorBootstrap$PermanentExporter.exportObject(ConnectorBootstrap.java:205)
	at java.management.rmi/javax.management.remote.rmi.RMIJRMPServerImpl.export(RMIJRMPServerImpl.java:153)
	at java.management.rmi/javax.management.remote.rmi.RMIJRMPServerImpl.export(RMIJRMPServerImpl.java:138)
	at java.management.rmi/javax.management.remote.rmi.RMIConnectorServer.start(RMIConnectorServer.java:453)
	at jdk.management.agent/sun.management.jmxremote.ConnectorBootstrap.exportMBeanServer(ConnectorBootstrap.java:839)
	... 3 more
Caused by: java.net.BindException: Address already in use
	at java.base/sun.nio.ch.Net.bind0(Native Method)
	at java.base/sun.nio.ch.Net.bind(Net.java:555)
	at java.base/sun.nio.ch.Net.bind(Net.java:544)
	at java.base/sun.nio.ch.NioSocketImpl.bind(NioSocketImpl.java:648)
	at java.base/java.net.ServerSocket.bind(ServerSocket.java:388)
	at java.base/java.net.ServerSocket.<init>(ServerSocket.java:274)
	at java.base/java.net.ServerSocket.<init>(ServerSocket.java:167)
	at java.rmi/sun.rmi.transport.tcp.TCPDirectSocketFactory.createServerSocket(TCPDirectSocketFactory.java:45)
	at java.rmi/sun.rmi.transport.tcp.TCPEndpoint.newServerSocket(TCPEndpoint.java:673)
	at java.rmi/sun.rmi.transport.tcp.TCPTransport.listen(TCPTransport.java:335)
	... 12 more
Picked up JAVA_TOOL_OPTIONS: -Dcom.sun.management.jmxremote -Dcom.sun.management.jmxremote.port=9010 -Dcom.sun.management.jmxremote.rmi.port=9010 -Dcom.sun.management.jmxremote.local.only=false -Dcom.sun.management.jmxremote.authenticate=false -Dcom.sun.management.jmxremote.ssl=false -Djava.rmi.server.hostname=127.0.0.1
Error: JMX connector server communication error: service:jmx:rmi://my-hello-spring-hello-container-5446b544fc-g7w26:9010
jdk.internal.agent.AgentConfigurationError: java.rmi.server.ExportException: Port already in use: 9010; nested exception is: 
	java.net.BindException: Address already in use
	at jdk.management.agent/sun.management.jmxremote.ConnectorBootstrap.exportMBeanServer(ConnectorBootstrap.java:843)
	at jdk.management.agent/sun.management.jmxremote.ConnectorBootstrap.startRemoteConnectorServer(ConnectorBootstrap.java:480)
	at jdk.management.agent/jdk.internal.agent.Agent.startAgent(Agent.java:447)
	at jdk.management.agent/jdk.internal.agent.Agent.startAgent(Agent.java:599)
Caused by: java.rmi.server.ExportException: Port already in use: 9010; nested exception is: 
	java.net.BindException: Address already in use
	at java.rmi/sun.rmi.transport.tcp.TCPTransport.listen(TCPTransport.java:346)
	at java.rmi/sun.rmi.transport.tcp.TCPTransport.exportObject(TCPTransport.java:243)
	at java.rmi/sun.rmi.transport.tcp.TCPEndpoint.exportObject(TCPEndpoint.java:415)
	at java.rmi/sun.rmi.transport.LiveRef.exportObject(LiveRef.java:147)
	at java.rmi/sun.rmi.server.UnicastServerRef.exportObject(UnicastServerRef.java:235)
	at jdk.management.agent/sun.management.jmxremote.ConnectorBootstrap$PermanentExporter.exportObject(ConnectorBootstrap.java:205)
	at java.management.rmi/javax.management.remote.rmi.RMIJRMPServerImpl.export(RMIJRMPServerImpl.java:153)
	at java.management.rmi/javax.management.remote.rmi.RMIJRMPServerImpl.export(RMIJRMPServerImpl.java:138)
	at java.management.rmi/javax.management.remote.rmi.RMIConnectorServer.start(RMIConnectorServer.java:453)
	at jdk.management.agent/sun.management.jmxremote.ConnectorBootstrap.exportMBeanServer(ConnectorBootstrap.java:839)
	... 3 more
Caused by: java.net.BindException: Address already in use
	at java.base/sun.nio.ch.Net.bind0(Native Method)
	at java.base/sun.nio.ch.Net.bind(Net.java:555)
	at java.base/sun.nio.ch.Net.bind(Net.java:544)
	at java.base/sun.nio.ch.NioSocketImpl.bind(NioSocketImpl.java:648)
	at java.base/java.net.ServerSocket.bind(ServerSocket.java:388)
	at java.base/java.net.ServerSocket.<init>(ServerSocket.java:274)
	at java.base/java.net.ServerSocket.<init>(ServerSocket.java:167)
	at java.rmi/sun.rmi.transport.tcp.TCPDirectSocketFactory.createServerSocket(TCPDirectSocketFactory.java:45)
	at java.rmi/sun.rmi.transport.tcp.TCPEndpoint.newServerSocket(TCPEndpoint.java:673)
	at java.rmi/sun.rmi.transport.tcp.TCPTransport.listen(TCPTransport.java:335)
	... 12 more
Picked up JAVA_TOOL_OPTIONS: -Dcom.sun.management.jmxremote -Dcom.sun.management.jmxremote.port=9010 -Dcom.sun.management.jmxremote.rmi.port=9010 -Dcom.sun.management.jmxremote.local.only=false -Dcom.sun.management.jmxremote.authenticate=false -Dcom.sun.management.jmxremote.ssl=false -Djava.rmi.server.hostname=127.0.0.1
Error: JMX connector server communication error: service:jmx:rmi://my-hello-spring-hello-container-5446b544fc-g7w26:9010
jdk.internal.agent.AgentConfigurationError: java.rmi.server.ExportException: Port already in use: 9010; nested exception is: 
	java.net.BindException: Address already in use
	at jdk.management.agent/sun.management.jmxremote.ConnectorBootstrap.exportMBeanServer(ConnectorBootstrap.java:843)
	at jdk.management.agent/sun.management.jmxremote.ConnectorBootstrap.startRemoteConnectorServer(ConnectorBootstrap.java:480)
	at jdk.management.agent/jdk.internal.agent.Agent.startAgent(Agent.java:447)
	at jdk.management.agent/jdk.internal.agent.Agent.startAgent(Agent.java:599)
Caused by: java.rmi.server.ExportException: Port already in use: 9010; nested exception is: 
	java.net.BindException: Address already in use
	at java.rmi/sun.rmi.transport.tcp.TCPTransport.listen(TCPTransport.java:346)
	at java.rmi/sun.rmi.transport.tcp.TCPTransport.exportObject(TCPTransport.java:243)
	at java.rmi/sun.rmi.transport.tcp.TCPEndpoint.exportObject(TCPEndpoint.java:415)
	at java.rmi/sun.rmi.transport.LiveRef.exportObject(LiveRef.java:147)
	at java.rmi/sun.rmi.server.UnicastServerRef.exportObject(UnicastServerRef.java:235)
	at jdk.management.agent/sun.management.jmxremote.ConnectorBootstrap$PermanentExporter.exportObject(ConnectorBootstrap.java:205)
	at java.management.rmi/javax.management.remote.rmi.RMIJRMPServerImpl.export(RMIJRMPServerImpl.java:153)
	at java.management.rmi/javax.management.remote.rmi.RMIJRMPServerImpl.export(RMIJRMPServerImpl.java:138)
	at java.management.rmi/javax.management.remote.rmi.RMIConnectorServer.start(RMIConnectorServer.java:453)
	at jdk.management.agent/sun.management.jmxremote.ConnectorBootstrap.exportMBeanServer(ConnectorBootstrap.java:839)
	... 3 more
Caused by: java.net.BindException: Address already in use
	at java.base/sun.nio.ch.Net.bind0(Native Method)
	at java.base/sun.nio.ch.Net.bind(Net.java:555)
	at java.base/sun.nio.ch.Net.bind(Net.java:544)
	at java.base/sun.nio.ch.NioSocketImpl.bind(NioSocketImpl.java:648)
	at java.base/java.net.ServerSocket.bind(ServerSocket.java:388)
	at java.base/java.net.ServerSocket.<init>(ServerSocket.java:274)
	at java.base/java.net.ServerSocket.<init>(ServerSocket.java:167)
	at java.rmi/sun.rmi.transport.tcp.TCPDirectSocketFactory.createServerSocket(TCPDirectSocketFactory.java:45)
	at java.rmi/sun.rmi.transport.tcp.TCPEndpoint.newServerSocket(TCPEndpoint.java:673)
	at java.rmi/sun.rmi.transport.tcp.TCPTransport.listen(TCPTransport.java:335)
	... 12 more
Picked up JAVA_TOOL_OPTIONS: -Dcom.sun.management.jmxremote -Dcom.sun.management.jmxremote.port=9010 -Dcom.sun.management.jmxremote.rmi.port=9010 -Dcom.sun.management.jmxremote.local.only=false -Dcom.sun.management.jmxremote.authenticate=false -Dcom.sun.management.jmxremote.ssl=false -Djava.rmi.server.hostname=127.0.0.1
Error: JMX connector server communication error: service:jmx:rmi://my-hello-spring-hello-container-5446b544fc-g7w26:9010
jdk.internal.agent.AgentConfigurationError: java.rmi.server.ExportException: Port already in use: 9010; nested exception is: 
	java.net.BindException: Address already in use
	at jdk.management.agent/sun.management.jmxremote.ConnectorBootstrap.exportMBeanServer(ConnectorBootstrap.java:843)
	at jdk.management.agent/sun.management.jmxremote.ConnectorBootstrap.startRemoteConnectorServer(ConnectorBootstrap.java:480)
	at jdk.management.agent/jdk.internal.agent.Agent.startAgent(Agent.java:447)
	at jdk.management.agent/jdk.internal.agent.Agent.startAgent(Agent.java:599)
Caused by: java.rmi.server.ExportException: Port already in use: 9010; nested exception is: 
	java.net.BindException: Address already in use
	at java.rmi/sun.rmi.transport.tcp.TCPTransport.listen(TCPTransport.java:346)
	at java.rmi/sun.rmi.transport.tcp.TCPTransport.exportObject(TCPTransport.java:243)
	at java.rmi/sun.rmi.transport.tcp.TCPEndpoint.exportObject(TCPEndpoint.java:415)
	at java.rmi/sun.rmi.transport.LiveRef.exportObject(LiveRef.java:147)
	at java.rmi/sun.rmi.server.UnicastServerRef.exportObject(UnicastServerRef.java:235)
	at jdk.management.agent/sun.management.jmxremote.ConnectorBootstrap$PermanentExporter.exportObject(ConnectorBootstrap.java:205)
	at java.management.rmi/javax.management.remote.rmi.RMIJRMPServerImpl.export(RMIJRMPServerImpl.java:153)
	at java.management.rmi/javax.management.remote.rmi.RMIJRMPServerImpl.export(RMIJRMPServerImpl.java:138)
	at java.management.rmi/javax.management.remote.rmi.RMIConnectorServer.start(RMIConnectorServer.java:453)
	at jdk.management.agent/sun.management.jmxremote.ConnectorBootstrap.exportMBeanServer(ConnectorBootstrap.java:839)
	... 3 more
Caused by: java.net.BindException: Address already in use
	at java.base/sun.nio.ch.Net.bind0(Native Method)
	at java.base/sun.nio.ch.Net.bind(Net.java:555)
	at java.base/sun.nio.ch.Net.bind(Net.java:544)
	at java.base/sun.nio.ch.NioSocketImpl.bind(NioSocketImpl.java:648)
	at java.base/java.net.ServerSocket.bind(ServerSocket.java:388)
	at java.base/java.net.ServerSocket.<init>(ServerSocket.java:274)
	at java.base/java.net.ServerSocket.<init>(ServerSocket.java:167)
	at java.rmi/sun.rmi.transport.tcp.TCPDirectSocketFactory.createServerSocket(TCPDirectSocketFactory.java:45)
	at java.rmi/sun.rmi.transport.tcp.TCPEndpoint.newServerSocket(TCPEndpoint.java:673)
	at java.rmi/sun.rmi.transport.tcp.TCPTransport.listen(TCPTransport.java:335)
	... 12 more
Picked up JAVA_TOOL_OPTIONS: -Dcom.sun.management.jmxremote -Dcom.sun.management.jmxremote.port=9010 -Dcom.sun.management.jmxremote.rmi.port=9010 -Dcom.sun.management.jmxremote.local.only=false -Dcom.sun.management.jmxremote.authenticate=false -Dcom.sun.management.jmxremote.ssl=false -Djava.rmi.server.hostname=127.0.0.1
Error: JMX connector server communication error: service:jmx:rmi://my-hello-spring-hello-container-5446b544fc-g7w26:9010
jdk.internal.agent.AgentConfigurationError: java.rmi.server.ExportException: Port already in use: 9010; nested exception is: 
	java.net.BindException: Address already in use
	at jdk.management.agent/sun.management.jmxremote.ConnectorBootstrap.exportMBeanServer(ConnectorBootstrap.java:843)
	at jdk.management.agent/sun.management.jmxremote.ConnectorBootstrap.startRemoteConnectorServer(ConnectorBootstrap.java:480)
	at jdk.management.agent/jdk.internal.agent.Agent.startAgent(Agent.java:447)
	at jdk.management.agent/jdk.internal.agent.Agent.startAgent(Agent.java:599)
Caused by: java.rmi.server.ExportException: Port already in use: 9010; nested exception is: 
	java.net.BindException: Address already in use
	at java.rmi/sun.rmi.transport.tcp.TCPTransport.listen(TCPTransport.java:346)
	at java.rmi/sun.rmi.transport.tcp.TCPTransport.exportObject(TCPTransport.java:243)
	at java.rmi/sun.rmi.transport.tcp.TCPEndpoint.exportObject(TCPEndpoint.java:415)
	at java.rmi/sun.rmi.transport.LiveRef.exportObject(LiveRef.java:147)
	at java.rmi/sun.rmi.server.UnicastServerRef.exportObject(UnicastServerRef.java:235)
	at jdk.management.agent/sun.management.jmxremote.ConnectorBootstrap$PermanentExporter.exportObject(ConnectorBootstrap.java:205)
	at java.management.rmi/javax.management.remote.rmi.RMIJRMPServerImpl.export(RMIJRMPServerImpl.java:153)
	at java.management.rmi/javax.management.remote.rmi.RMIJRMPServerImpl.export(RMIJRMPServerImpl.java:138)
	at java.management.rmi/javax.management.remote.rmi.RMIConnectorServer.start(RMIConnectorServer.java:453)
	at jdk.management.agent/sun.management.jmxremote.ConnectorBootstrap.exportMBeanServer(ConnectorBootstrap.java:839)
	... 3 more
Caused by: java.net.BindException: Address already in use
	at java.base/sun.nio.ch.Net.bind0(Native Method)
	at java.base/sun.nio.ch.Net.bind(Net.java:555)
	at java.base/sun.nio.ch.Net.bind(Net.java:544)
	at java.base/sun.nio.ch.NioSocketImpl.bind(NioSocketImpl.java:648)
	at java.base/java.net.ServerSocket.bind(ServerSocket.java:388)
	at java.base/java.net.ServerSocket.<init>(ServerSocket.java:274)
	at java.base/java.net.ServerSocket.<init>(ServerSocket.java:167)
	at java.rmi/sun.rmi.transport.tcp.TCPDirectSocketFactory.createServerSocket(TCPDirectSocketFactory.java:45)
	at java.rmi/sun.rmi.transport.tcp.TCPEndpoint.newServerSocket(TCPEndpoint.java:673)
	at java.rmi/sun.rmi.transport.tcp.TCPTransport.listen(TCPTransport.java:335)
	... 12 more
Picked up JAVA_TOOL_OPTIONS: -Dcom.sun.management.jmxremote -Dcom.sun.management.jmxremote.port=9010 -Dcom.sun.management.jmxremote.rmi.port=9010 -Dcom.sun.management.jmxremote.local.only=false -Dcom.sun.management.jmxremote.authenticate=false -Dcom.sun.management.jmxremote.ssl=false -Djava.rmi.server.hostname=127.0.0.1
Error: JMX connector server communication error: service:jmx:rmi://my-hello-spring-hello-container-5446b544fc-g7w26:9010
jdk.internal.agent.AgentConfigurationError: java.rmi.server.ExportException: Port already in use: 9010; nested exception is: 
	java.net.BindException: Address already in use
	at jdk.management.agent/sun.management.jmxremote.ConnectorBootstrap.exportMBeanServer(ConnectorBootstrap.java:843)
	at jdk.management.agent/sun.management.jmxremote.ConnectorBootstrap.startRemoteConnectorServer(ConnectorBootstrap.java:480)
	at jdk.management.agent/jdk.internal.agent.Agent.startAgent(Agent.java:447)
	at jdk.management.agent/jdk.internal.agent.Agent.startAgent(Agent.java:599)
Caused by: java.rmi.server.ExportException: Port already in use: 9010; nested exception is: 
	java.net.BindException: Address already in use
	at java.rmi/sun.rmi.transport.tcp.TCPTransport.listen(TCPTransport.java:346)
	at java.rmi/sun.rmi.transport.tcp.TCPTransport.exportObject(TCPTransport.java:243)
	at java.rmi/sun.rmi.transport.tcp.TCPEndpoint.exportObject(TCPEndpoint.java:415)
	at java.rmi/sun.rmi.transport.LiveRef.exportObject(LiveRef.java:147)
	at java.rmi/sun.rmi.server.UnicastServerRef.exportObject(UnicastServerRef.java:235)
	at jdk.management.agent/sun.management.jmxremote.ConnectorBootstrap$PermanentExporter.exportObject(ConnectorBootstrap.java:205)
	at java.management.rmi/javax.management.remote.rmi.RMIJRMPServerImpl.export(RMIJRMPServerImpl.java:153)
	at java.management.rmi/javax.management.remote.rmi.RMIJRMPServerImpl.export(RMIJRMPServerImpl.java:138)
	at java.management.rmi/javax.management.remote.rmi.RMIConnectorServer.start(RMIConnectorServer.java:453)
	at jdk.management.agent/sun.management.jmxremote.ConnectorBootstrap.exportMBeanServer(ConnectorBootstrap.java:839)
	... 3 more
Caused by: java.net.BindException: Address already in use
	at java.base/sun.nio.ch.Net.bind0(Native Method)
	at java.base/sun.nio.ch.Net.bind(Net.java:555)
	at java.base/sun.nio.ch.Net.bind(Net.java:544)
	at java.base/sun.nio.ch.NioSocketImpl.bind(NioSocketImpl.java:648)
	at java.base/java.net.ServerSocket.bind(ServerSocket.java:388)
	at java.base/java.net.ServerSocket.<init>(ServerSocket.java:274)
	at java.base/java.net.ServerSocket.<init>(ServerSocket.java:167)
	at java.rmi/sun.rmi.transport.tcp.TCPDirectSocketFactory.createServerSocket(TCPDirectSocketFactory.java:45)
	at java.rmi/sun.rmi.transport.tcp.TCPEndpoint.newServerSocket(TCPEndpoint.java:673)
	at java.rmi/sun.rmi.transport.tcp.TCPTransport.listen(TCPTransport.java:335)
	... 12 more
Picked up JAVA_TOOL_OPTIONS: -Dcom.sun.management.jmxremote -Dcom.sun.management.jmxremote.port=9010 -Dcom.sun.management.jmxremote.rmi.port=9010 -Dcom.sun.management.jmxremote.local.only=false -Dcom.sun.management.jmxremote.authenticate=false -Dcom.sun.management.jmxremote.ssl=false -Djava.rmi.server.hostname=127.0.0.1
Could not find any processes matching : '523 35'
Error: JMX connector server communication error: service:jmx:rmi://my-hello-spring-hello-container-5446b544fc-g7w26:9010
jdk.internal.agent.AgentConfigurationError: java.rmi.server.ExportException: Port already in use: 9010; nested exception is: 
	java.net.BindException: Address already in use
	at jdk.management.agent/sun.management.jmxremote.ConnectorBootstrap.exportMBeanServer(ConnectorBootstrap.java:843)
	at jdk.management.agent/sun.management.jmxremote.ConnectorBootstrap.startRemoteConnectorServer(ConnectorBootstrap.java:480)
	at jdk.management.agent/jdk.internal.agent.Agent.startAgent(Agent.java:447)
	at jdk.management.agent/jdk.internal.agent.Agent.startAgent(Agent.java:599)
Caused by: java.rmi.server.ExportException: Port already in use: 9010; nested exception is: 
	java.net.BindException: Address already in use
	at java.rmi/sun.rmi.transport.tcp.TCPTransport.listen(TCPTransport.java:346)
	at java.rmi/sun.rmi.transport.tcp.TCPTransport.exportObject(TCPTransport.java:243)
	at java.rmi/sun.rmi.transport.tcp.TCPEndpoint.exportObject(TCPEndpoint.java:415)
	at java.rmi/sun.rmi.transport.LiveRef.exportObject(LiveRef.java:147)
	at java.rmi/sun.rmi.server.UnicastServerRef.exportObject(UnicastServerRef.java:235)
	at jdk.management.agent/sun.management.jmxremote.ConnectorBootstrap$PermanentExporter.exportObject(ConnectorBootstrap.java:205)
	at java.management.rmi/javax.management.remote.rmi.RMIJRMPServerImpl.export(RMIJRMPServerImpl.java:153)
	at java.management.rmi/javax.management.remote.rmi.RMIJRMPServerImpl.export(RMIJRMPServerImpl.java:138)
	at java.management.rmi/javax.management.remote.rmi.RMIConnectorServer.start(RMIConnectorServer.java:453)
	at jdk.management.agent/sun.management.jmxremote.ConnectorBootstrap.exportMBeanServer(ConnectorBootstrap.java:839)
	... 3 more
Caused by: java.net.BindException: Address already in use
	at java.base/sun.nio.ch.Net.bind0(Native Method)
	at java.base/sun.nio.ch.Net.bind(Net.java:555)
	at java.base/sun.nio.ch.Net.bind(Net.java:544)
	at java.base/sun.nio.ch.NioSocketImpl.bind(NioSocketImpl.java:648)
	at java.base/java.net.ServerSocket.bind(ServerSocket.java:388)
	at java.base/java.net.ServerSocket.<init>(ServerSocket.java:274)
	at java.base/java.net.ServerSocket.<init>(ServerSocket.java:167)
	at java.rmi/sun.rmi.transport.tcp.TCPDirectSocketFactory.createServerSocket(TCPDirectSocketFactory.java:45)
	at java.rmi/sun.rmi.transport.tcp.TCPEndpoint.newServerSocket(TCPEndpoint.java:673)
	at java.rmi/sun.rmi.transport.tcp.TCPTransport.listen(TCPTransport.java:335)
	... 12 more
