2025-09-01 13:29:58
Full thread dump OpenJ2025-09-01 13:29:58
Full thread dump OpenJDK 64-Bit Server VM (17.0.16+8 mixed mode, sharing):

Threads class SMR info:
_java_thread_list=0x000076423c0027a0, length=29, elements={
0x00007642c4080a90, 0x00007642c4081e70, 0x00007642c40872e0, 0x00007642c4088690,
0x00007642c4089aa0, 0x00007642c408b450, 0x00007642c408c980, 0x00007642c408ddf0,
0x00007642c40a5500, 0x00007642c40a89d0, 0x00007642c41606f0, 0x00007642c4ded920,
0x0000764214001370, 0x00007642c4de72f0, 0x00007642c4ec2280, 0x00007642c4ec2c60,
0x00007642c4ed9860, 0x00007642c4eda810, 0x00007642c4edb8b0, 0x00007642c4edc950,
0x00007642c4edda00, 0x00007642c4edeab0, 0x00007642c4edfaa0, 0x00007642c4ee0e80,
0x00007642c4ee42e0, 0x00007642c4ee9f90, 0x00007642c4ef47f0, 0x00007642c40295f0,
0x000076423c001810
}

"Reference Handler" #2 daemon prio=10 os_prio=0 cpu=2.83ms elapsed=125.50s tid=0x00007642c4080a90 nid=0x14 waiting on condition  [0x00007642acf09000]
   java.lang.Thread.State: RUNNABLE
	at java.lang.ref.Reference.waitForReferencePendingList(java.base@17.0.16/Native Method)
	at java.lang.ref.Reference.processPendingReferences(java.base@17.0.16/Reference.java:253)
	at java.lang.ref.Reference$ReferenceHandler.run(java.base@17.0.16/Reference.java:215)

   Locked ownable synchronizers:
	- None

"Finalizer" #3 daemon prio=8 os_prio=0 cpu=0.27ms elapsed=125.50s tid=0x00007642c4081e70 nid=0x15 in Object.wait()  [0x00007642ace09000]
   java.lang.Thread.State: WAITING (on object monitor)
	at java.lang.Object.wait(java.base@17.0.16/Native Method)
	- waiting on <0x00000000f800c140> (a java.lang.ref.ReferenceQueue$Lock)
	at java.lang.ref.ReferenceQueue.remove(java.base@17.0.16/ReferenceQueue.java:155)
	- locked <0x00000000f800c140> (a java.lang.ref.ReferenceQueue$Lock)
	at java.lang.ref.ReferenceQueue.remove(java.base@17.0.16/ReferenceQueue.java:176)
	at java.lang.ref.Finalizer$FinalizerThread.run(java.base@17.0.16/Finalizer.java:172)

   Locked ownable synchronizers:
	- None

"Signal Dispatcher" #4 daemon prio=9 os_prio=0 cpu=0.37ms elapsed=125.50s tid=0x00007642c40872e0 nid=0x16 waiting on condition  [0x0000000000000000]
   java.lang.Thread.State: RUNNABLE

   Locked ownable synchronizers:
	- None

"Service Thread" #5 daemon prio=9 os_prio=0 cpu=1.98ms elapsed=125.50s tid=0x00007642c4088690 nid=0x17 runnable  [0x0000000000000000]
   java.lang.Thread.State: RUNNABLE

   Locked ownable synchronizers:
	- None

"Monitor Deflation Thread" #6 daemon prio=9 os_prio=0 cpu=12.70ms elapsed=125.50s tid=0x00007642c4089aa0 nid=0x18 runnable  [0x0000000000000000]
   java.lang.Thread.State: RUNNABLE

   Locked ownable synchronizers:
	- None

"C2 CompilerThread0" #7 daemon prio=9 os_prio=0 cpu=2557.86ms elapsed=125.50s tid=0x00007642c408b450 nid=0x19 waiting on condition  [0x0000000000000000]
   java.lang.Thread.State: RUNNABLE
   No compile task

   Locked ownable synchronizers:
	- None

"C1 CompilerThread0" #8 daemon prio=9 os_prio=0 cpu=936.73ms elapsed=125.50s tid=0x00007642c408c980 nid=0x1a waiting on condition  [0x0000000000000000]
   java.lang.Thread.State: RUNNABLE
   No compile task

   Locked ownable synchronizers:
	- None

"Sweeper thread" #9 daemon prio=9 os_prio=0 cpu=3.25ms elapsed=125.50s tid=0x00007642c408ddf0 nid=0x1b runnable  [0x0000000000000000]
   java.lang.Thread.State: RUNNABLE

   Locked ownable synchronizers:
	- None

"Notification Thread" #10 daemon prio=9 os_prio=0 cpu=12.25ms elapsed=125.50s tid=0x00007642c40a5500 nid=0x1c runnable  [0x0000000000000000]
   java.lang.Thread.State: RUNNABLE

   Locked ownable synchronizers:
	- None

"Common-Cleaner" #11 daemon prio=8 os_prio=0 cpu=1.44ms elapsed=125.50s tid=0x00007642c40a89d0 nid=0x1e in Object.wait()  [0x00007642ac21d000]
   java.lang.Thread.State: TIMED_WAITING (on object monitor)
	at java.lang.Object.wait(java.base@17.0.16/Native Method)
	- waiting on <0x00000000f8000780> (a java.lang.ref.ReferenceQueue$Lock)
	at java.lang.ref.ReferenceQueue.remove(java.base@17.0.16/ReferenceQueue.java:155)
	- locked <0x00000000f8000780> (a java.lang.ref.ReferenceQueue$Lock)
	at jdk.internal.ref.CleanerImpl.run(java.base@17.0.16/CleanerImpl.java:140)
	at java.lang.Thread.run(java.base@17.0.16/Thread.java:840)
	at jdk.internal.misc.InnocuousThread.run(java.base@17.0.16/InnocuousThread.java:162)

   Locked ownable synchronizers:
	- None

"Cleaner-0" #12 daemon prio=8 os_prio=0 cpu=2.48ms elapsed=125.31s tid=0x00007642c41606f0 nid=0x1f in Object.wait()  [0x00007642ac11d000]
   java.lang.Thread.State: TIMED_WAITING (on object monitor)
	at java.lang.Object.wait(java.base@17.0.16/Native Method)
	- waiting on <0x00000000f8000598> (a java.lang.ref.ReferenceQueue$Lock)
	at java.lang.ref.ReferenceQueue.remove(java.base@17.0.16/ReferenceQueue.java:155)
	- locked <0x00000000f8000598> (a java.lang.ref.ReferenceQueue$Lock)
	at jdk.internal.ref.CleanerImpl.run(java.base@17.0.16/CleanerImpl.java:140)
	at java.lang.Thread.run(java.base@17.0.16/Thread.java:840)
	at jdk.internal.misc.InnocuousThread.run(java.base@17.0.16/InnocuousThread.java:162)

   Locked ownable synchronizers:
	- None

"Catalina-utility-1" #15 prio=1 os_prio=0 cpu=13.71ms elapsed=116.12s tid=0x00007642c4ded920 nid=0x27 waiting on condition  [0x0000764252ffe000]
   java.lang.Thread.State: WAITING (parking)
	at jdk.internal.misc.Unsafe.park(java.base@17.0.16/Native Method)
	- parking to wait for  <0x00000000f865fa30> (a java.util.concurrent.locks.AbstractQueuedSynchronizer$ConditionObject)
	at java.util.concurrent.locks.LockSupport.park(java.base@17.0.16/LockSupport.java:341)
	at java.util.concurrent.locks.AbstractQueuedSynchronizer$ConditionNode.block(java.base@17.0.16/AbstractQueuedSynchronizer.java:506)
	at java.util.concurrent.ForkJoinPool.unmanagedBlock(java.base@17.0.16/ForkJoinPool.java:3465)
	at java.util.concurrent.ForkJoinPool.managedBlock(java.base@17.0.16/ForkJoinPool.java:3436)
	at java.util.concurrent.locks.AbstractQueuedSynchronizer$ConditionObject.await(java.base@17.0.16/AbstractQueuedSynchronizer.java:1630)
	at java.util.concurrent.ScheduledThreadPoolExecutor$DelayedWorkQueue.take(java.base@17.0.16/ScheduledThreadPoolExecutor.java:1177)
	at java.util.concurrent.ScheduledThreadPoolExecutor$DelayedWorkQueue.take(java.base@17.0.16/ScheduledThreadPoolExecutor.java:899)
	at java.util.concurrent.ThreadPoolExecutor.getTask(java.base@17.0.16/ThreadPoolExecutor.java:1062)
	at java.util.concurrent.ThreadPoolExecutor.runWorker(java.base@17.0.16/ThreadPoolExecutor.java:1122)
	at java.util.concurrent.ThreadPoolExecutor$Worker.run(java.base@17.0.16/ThreadPoolExecutor.java:635)
	at org.apache.tomcat.util.threads.TaskThread$WrappingRunnable.run(TaskThread.java:63)
	at java.lang.Thread.run(java.base@17.0.16/Thread.java:840)

   Locked ownable synchronizers:
	- None

"Catalina-utility-2" #16 prio=1 os_prio=0 cpu=15.87ms elapsed=116.12s tid=0x0000764214001370 nid=0x28 waiting on condition  [0x0000764252efe000]
   java.lang.Thread.State: TIMED_WAITING (parking)
	at jdk.internal.misc.Unsafe.park(java.base@17.0.16/Native Method)
	- parking to wait for  <0x00000000f865fa30> (a java.util.concurrent.locks.AbstractQueuedSynchronizer$ConditionObject)
	at java.util.concurrent.locks.LockSupport.parkNanos(java.base@17.0.16/LockSupport.java:252)
	at java.util.concurrent.locks.AbstractQueuedSynchronizer$ConditionObject.awaitNanos(java.base@17.0.16/AbstractQueuedSynchronizer.java:1679)
	at java.util.concurrent.ScheduledThreadPoolExecutor$DelayedWorkQueue.take(java.base@17.0.16/ScheduledThreadPoolExecutor.java:1182)
	at java.util.concurrent.ScheduledThreadPoolExecutor$DelayedWorkQueue.take(java.base@17.0.16/ScheduledThreadPoolExecutor.java:899)
	at java.util.concurrent.ThreadPoolExecutor.getTask(java.base@17.0.16/ThreadPoolExecutor.java:1062)
	at java.util.concurrent.ThreadPoolExecutor.runWorker(java.base@17.0.16/ThreadPoolExecutor.java:1122)
	at java.util.concurrent.ThreadPoolExecutor$Worker.run(java.base@17.0.16/ThreadPoolExecutor.java:635)
	at org.apache.tomcat.util.threads.TaskThread$WrappingRunnable.run(TaskThread.java:63)
	at java.lang.Thread.run(java.base@17.0.16/Thread.java:840)

   Locked ownable synchronizers:
	- None

"container-0" #17 prio=5 os_prio=0 cpu=0.50ms elapsed=116.11s tid=0x00007642c4de72f0 nid=0x29 waiting on condition  [0x0000764252dfe000]
   java.lang.Thread.State: TIMED_WAITING (sleeping)
	at java.lang.Thread.sleep(java.base@17.0.16/Native Method)
	at org.apache.catalina.core.StandardServer.await(StandardServer.java:564)
	at org.springframework.boot.web.embedded.tomcat.TomcatWebServer$1.run(TomcatWebServer.java:217)

   Locked ownable synchronizers:
	- None

"http-nio-8080-exec-1" #18 daemon prio=5 os_prio=0 cpu=77.48ms elapsed=114.61s tid=0x00007642c4ec2280 nid=0x2a waiting for monitor entry  [0x0000764252cfc000]
   java.lang.Thread.State: BLOCKED (on object monitor)
	at com.example.controller.HelloController.hello(HelloController.java:13)
	- waiting to lock <0x00000000fa334480> (a java.lang.Object)
	at jdk.internal.reflect.GeneratedMethodAccessor5.invoke(Unknown Source)
	at jdk.internal.reflect.DelegatingMethodAccessorImpl.invoke(java.base@17.0.16/DelegatingMethodAccessorImpl.java:43)
	at java.lang.reflect.Method.invoke(java.base@17.0.16/Method.java:569)
	at org.springframework.web.method.support.InvocableHandlerMethod.doInvoke(InvocableHandlerMethod.java:255)
	at org.springframework.web.method.support.InvocableHandlerMethod.invokeForRequest(InvocableHandlerMethod.java:188)
	at org.springframework.web.servlet.mvc.method.annotation.ServletInvocableHandlerMethod.invokeAndHandle(ServletInvocableHandlerMethod.java:118)
	at org.springframework.web.servlet.mvc.method.annotation.RequestMappingHandlerAdapter.invokeHandlerMethod(RequestMappingHandlerAdapter.java:926)
	at org.springframework.web.servlet.mvc.method.annotation.RequestMappingHandlerAdapter.handleInternal(RequestMappingHandlerAdapter.java:831)
	at org.springframework.web.servlet.mvc.method.AbstractHandlerMethodAdapter.handle(AbstractHandlerMethodAdapter.java:87)
	at org.springframework.web.servlet.DispatcherServlet.doDispatch(DispatcherServlet.java:1089)
	at org.springframework.web.servlet.DispatcherServlet.doService(DispatcherServlet.java:979)
	at org.springframework.web.servlet.FrameworkServlet.processRequest(FrameworkServlet.java:1014)
	at org.springframework.web.servlet.FrameworkServlet.doGet(FrameworkServlet.java:903)
	at jakarta.servlet.http.HttpServlet.service(HttpServlet.java:564)
	at org.springframework.web.servlet.FrameworkServlet.service(FrameworkServlet.java:885)
	at jakarta.servlet.http.HttpServlet.service(HttpServlet.java:658)
	at org.apache.catalina.core.ApplicationFilterChain.internalDoFilter(ApplicationFilterChain.java:206)
	at org.apache.catalina.core.ApplicationFilterChain.doFilter(ApplicationFilterChain.java:150)
	at org.apache.tomcat.websocket.server.WsFilter.doFilter(WsFilter.java:51)
	at org.apache.catalina.core.ApplicationFilterChain.internalDoFilter(ApplicationFilterChain.java:175)
	at org.apache.catalina.core.ApplicationFilterChain.doFilter(ApplicationFilterChain.java:150)
	at org.springframework.web.filter.RequestContextFilter.doFilterInternal(RequestContextFilter.java:100)
	at org.springframework.web.filter.OncePerRequestFilter.doFilter(OncePerRequestFilter.java:116)
	at org.apache.catalina.core.ApplicationFilterChain.internalDoFilter(ApplicationFilterChain.java:175)
	at org.apache.catalina.core.ApplicationFilterChain.doFilter(ApplicationFilterChain.java:150)
	at org.springframework.web.filter.FormContentFilter.doFilterInternal(FormContentFilter.java:93)
	at org.springframework.web.filter.OncePerRequestFilter.doFilter(OncePerRequestFilter.java:116)
	at org.apache.catalina.core.ApplicationFilterChain.internalDoFilter(ApplicationFilterChain.java:175)
	at org.apache.catalina.core.ApplicationFilterChain.doFilter(ApplicationFilterChain.java:150)
	at org.springframework.web.filter.ServerHttpObservationFilter.doFilterInternal(ServerHttpObservationFilter.java:109)
	at org.springframework.web.filter.OncePerRequestFilter.doFilter(OncePerRequestFilter.java:116)
	at org.apache.catalina.core.ApplicationFilterChain.internalDoFilter(ApplicationFilterChain.java:175)
	at org.apache.catalina.core.ApplicationFilterChain.doFilter(ApplicationFilterChain.java:150)
	at org.springframework.web.filter.CharacterEncodingFilter.doFilterInternal(CharacterEncodingFilter.java:201)
	at org.springframework.web.filter.OncePerRequestFilter.doFilter(OncePerRequestFilter.java:116)
	at org.apache.catalina.core.ApplicationFilterChain.internalDoFilter(ApplicationFilterChain.java:175)
	at org.apache.catalina.core.ApplicationFilterChain.doFilter(ApplicationFilterChain.java:150)
	at org.apache.catalina.core.StandardWrapperValve.invoke(StandardWrapperValve.java:167)
	at org.apache.catalina.core.StandardContextValve.invoke(StandardContextValve.java:90)
	at org.apache.catalina.authenticator.AuthenticatorBase.invoke(AuthenticatorBase.java:482)
	at org.apache.catalina.core.StandardHostValve.invoke(StandardHostValve.java:115)
	at org.apache.catalina.valves.ErrorReportValve.invoke(ErrorReportValve.java:93)
	at org.apache.catalina.core.StandardEngineValve.invoke(StandardEngineValve.java:74)
	at org.apache.catalina.valves.RemoteIpValve.invoke(RemoteIpValve.java:731)
	at org.apache.catalina.connector.CoyoteAdapter.service(CoyoteAdapter.java:344)
	at org.apache.coyote.http11.Http11Processor.service(Http11Processor.java:391)
	at org.apache.coyote.AbstractProcessorLight.process(AbstractProcessorLight.java:63)
	at org.apache.coyote.AbstractProtocol$ConnectionHandler.process(AbstractProtocol.java:896)
	at org.apache.tomcat.util.net.NioEndpoint$SocketProcessor.doRun(NioEndpoint.java:1736)
	at org.apache.tomcat.util.net.SocketProcessorBase.run(SocketProcessorBase.java:52)
	at org.apache.tomcat.util.threads.ThreadPoolExecutor.runWorker(ThreadPoolExecutor.java:1191)
	at org.apache.tomcat.util.threads.ThreadPoolExecutor$Worker.run(ThreadPoolExecutor.java:659)
	at org.apache.tomcat.util.threads.TaskThread$WrappingRunnable.run(TaskThread.java:63)
	at java.lang.Thread.run(java.base@17.0.16/Thread.java:840)

   Locked ownable synchronizers:
	- <0x00000000f9602608> (a org.apache.tomcat.util.threads.ThreadPoolExecutor$Worker)
	- <0x00000000f9bca7c0> (a java.util.concurrent.locks.ReentrantLock$NonfairSync)

"http-nio-8080-exec-2" #19 daemon prio=5 os_prio=0 cpu=9.33ms elapsed=114.61s tid=0x00007642c4ec2c60 nid=0x2b waiting for monitor entry  [0x0000764252bfc000]
   java.lang.Thread.State: BLOCKED (on object monitor)
	at com.example.controller.HelloController.hello(HelloController.java:13)
	- waiting to lock <0x00000000fa334480> (a java.lang.Object)
	at jdk.internal.reflect.GeneratedMethodAccessor5.invoke(Unknown Source)
	at jdk.internal.reflect.DelegatingMethodAccessorImpl.invoke(java.base@17.0.16/DelegatingMethodAccessorImpl.java:43)
	at java.lang.reflect.Method.invoke(java.base@17.0.16/Method.java:569)
	at org.springframework.web.method.support.InvocableHandlerMethod.doInvoke(InvocableHandlerMethod.java:255)
	at org.springframework.web.method.support.InvocableHandlerMethod.invokeForRequest(InvocableHandlerMethod.java:188)
	at org.springframework.web.servlet.mvc.method.annotation.ServletInvocableHandlerMethod.invokeAndHandle(ServletInvocableHandlerMethod.java:118)
	at org.springframework.web.servlet.mvc.method.annotation.RequestMappingHandlerAdapter.invokeHandlerMethod(RequestMappingHandlerAdapter.java:926)
	at org.springframework.web.servlet.mvc.method.annotation.RequestMappingHandlerAdapter.handleInternal(RequestMappingHandlerAdapter.java:831)
	at org.springframework.web.servlet.mvc.method.AbstractHandlerMethodAdapter.handle(AbstractHandlerMethodAdapter.java:87)
	at org.springframework.web.servlet.DispatcherServlet.doDispatch(DispatcherServlet.java:1089)
	at org.springframework.web.servlet.DispatcherServlet.doService(DispatcherServlet.java:979)
	at org.springframework.web.servlet.FrameworkServlet.processRequest(FrameworkServlet.java:1014)
	at org.springframework.web.servlet.FrameworkServlet.doGet(FrameworkServlet.java:903)
	at jakarta.servlet.http.HttpServlet.service(HttpServlet.java:564)
	at org.springframework.web.servlet.FrameworkServlet.service(FrameworkServlet.java:885)
	at jakarta.servlet.http.HttpServlet.service(HttpServlet.java:658)
	at org.apache.catalina.core.ApplicationFilterChain.internalDoFilter(ApplicationFilterChain.java:206)
	at org.apache.catalina.core.ApplicationFilterChain.doFilter(ApplicationFilterChain.java:150)
	at org.apache.tomcat.websocket.server.WsFilter.doFilter(WsFilter.java:51)
	at org.apache.catalina.core.ApplicationFilterChain.internalDoFilter(ApplicationFilterChain.java:175)
	at org.apache.catalina.core.ApplicationFilterChain.doFilter(ApplicationFilterChain.java:150)
	at org.springframework.web.filter.RequestContextFilter.doFilterInternal(RequestContextFilter.java:100)
	at org.springframework.web.filter.OncePerRequestFilter.doFilter(OncePerRequestFilter.java:116)
	at org.apache.catalina.core.ApplicationFilterChain.internalDoFilter(ApplicationFilterChain.java:175)
	at org.apache.catalina.core.ApplicationFilterChain.doFilter(ApplicationFilterChain.java:150)
	at org.springframework.web.filter.FormContentFilter.doFilterInternal(FormContentFilter.java:93)
	at org.springframework.web.filter.OncePerRequestFilter.doFilter(OncePerRequestFilter.java:116)
	at org.apache.catalina.core.ApplicationFilterChain.internalDoFilter(ApplicationFilterChain.java:175)
	at org.apache.catalina.core.ApplicationFilterChain.doFilter(ApplicationFilterChain.java:150)
	at org.springframework.web.filter.ServerHttpObservationFilter.doFilterInternal(ServerHttpObservationFilter.java:109)
	at org.springframework.web.filter.OncePerRequestFilter.doFilter(OncePerRequestFilter.java:116)
	at org.apache.catalina.core.ApplicationFilterChain.internalDoFilter(ApplicationFilterChain.java:175)
	at org.apache.catalina.core.ApplicationFilterChain.doFilter(ApplicationFilterChain.java:150)
	at org.springframework.web.filter.CharacterEncodingFilter.doFilterInternal(CharacterEncodingFilter.java:201)
	at org.springframework.web.filter.OncePerRequestFilter.doFilter(OncePerRequestFilter.java:116)
	at org.apache.catalina.core.ApplicationFilterChain.internalDoFilter(ApplicationFilterChain.java:175)
	at org.apache.catalina.core.ApplicationFilterChain.doFilter(ApplicationFilterChain.java:150)
	at org.apache.catalina.core.StandardWrapperValve.invoke(StandardWrapperValve.java:167)
	at org.apache.catalina.core.StandardContextValve.invoke(StandardContextValve.java:90)
	at org.apache.catalina.authenticator.AuthenticatorBase.invoke(AuthenticatorBase.java:482)
	at org.apache.catalina.core.StandardHostValve.invoke(StandardHostValve.java:115)
	at org.apache.catalina.valves.ErrorReportValve.invoke(ErrorReportValve.java:93)
	at org.apache.catalina.core.StandardEngineValve.invoke(StandardEngineValve.java:74)
	at org.apache.catalina.valves.RemoteIpValve.invoke(RemoteIpValve.java:731)
	at org.apache.catalina.connector.CoyoteAdapter.service(CoyoteAdapter.java:344)
	at org.apache.coyote.http11.Http11Processor.service(Http11Processor.java:391)
	at org.apache.coyote.AbstractProcessorLight.process(AbstractProcessorLight.java:63)
	at org.apache.coyote.AbstractProtocol$ConnectionHandler.process(AbstractProtocol.java:896)
	at org.apache.tomcat.util.net.NioEndpoint$SocketProcessor.doRun(NioEndpoint.java:1736)
	at org.apache.tomcat.util.net.SocketProcessorBase.run(SocketProcessorBase.java:52)
	at org.apache.tomcat.util.threads.ThreadPoolExecutor.runWorker(ThreadPoolExecutor.java:1191)
	at org.apache.tomcat.util.threads.ThreadPoolExecutor$Worker.run(ThreadPoolExecutor.java:659)
	at org.apache.tomcat.util.threads.TaskThread$WrappingRunnable.run(TaskThread.java:63)
	at java.lang.Thread.run(java.base@17.0.16/Thread.java:840)

   Locked ownable synchronizers:
	- <0x00000000f9600fa0> (a org.apache.tomcat.util.threads.ThreadPoolExecutor$Worker)
	- <0x00000000f9bd97a8> (a java.util.concurrent.locks.ReentrantLock$NonfairSync)

"http-nio-8080-exec-3" #20 daemon prio=5 os_prio=0 cpu=7.97ms elapsed=114.61s tid=0x00007642c4ed9860 nid=0x2c waiting for monitor entry  [0x0000764252afc000]
   java.lang.Thread.State: BLOCKED (on object monitor)
	at com.example.controller.HelloController.hello(HelloController.java:13)
	- waiting to lock <0x00000000fa334480> (a java.lang.Object)
	at jdk.internal.reflect.GeneratedMethodAccessor5.invoke(Unknown Source)
	at jdk.internal.reflect.DelegatingMethodAccessorImpl.invoke(java.base@17.0.16/DelegatingMethodAccessorImpl.java:43)
	at java.lang.reflect.Method.invoke(java.base@17.0.16/Method.java:569)
	at org.springframework.web.method.support.InvocableHandlerMethod.doInvoke(InvocableHandlerMethod.java:255)
	at org.springframework.web.method.support.InvocableHandlerMethod.invokeForRequest(InvocableHandlerMethod.java:188)
	at org.springframework.web.servlet.mvc.method.annotation.ServletInvocableHandlerMethod.invokeAndHandle(ServletInvocableHandlerMethod.java:118)
	at org.springframework.web.servlet.mvc.method.annotation.RequestMappingHandlerAdapter.invokeHandlerMethod(RequestMappingHandlerAdapter.java:926)
	at org.springframework.web.servlet.mvc.method.annotation.RequestMappingHandlerAdapter.handleInternal(RequestMappingHandlerAdapter.java:831)
	at org.springframework.web.servlet.mvc.method.AbstractHandlerMethodAdapter.handle(AbstractHandlerMethodAdapter.java:87)
	at org.springframework.web.servlet.DispatcherServlet.doDispatch(DispatcherServlet.java:1089)
	at org.springframework.web.servlet.DispatcherServlet.doService(DispatcherServlet.java:979)
	at org.springframework.web.servlet.FrameworkServlet.processRequest(FrameworkServlet.java:1014)
	at org.springframework.web.servlet.FrameworkServlet.doGet(FrameworkServlet.java:903)
	at jakarta.servlet.http.HttpServlet.service(HttpServlet.java:564)
	at org.springframework.web.servlet.FrameworkServlet.service(FrameworkServlet.java:885)
	at jakarta.servlet.http.HttpServlet.service(HttpServlet.java:658)
	at org.apache.catalina.core.ApplicationFilterChain.internalDoFilter(ApplicationFilterChain.java:206)
	at org.apache.catalina.core.ApplicationFilterChain.doFilter(ApplicationFilterChain.java:150)
	at org.apache.tomcat.websocket.server.WsFilter.doFilter(WsFilter.java:51)
	at org.apache.catalina.core.ApplicationFilterChain.internalDoFilter(ApplicationFilterChain.java:175)
	at org.apache.catalina.core.ApplicationFilterChain.doFilter(ApplicationFilterChain.java:150)
	at org.springframework.web.filter.RequestContextFilter.doFilterInternal(RequestContextFilter.java:100)
	at org.springframework.web.filter.OncePerRequestFilter.doFilter(OncePerRequestFilter.java:116)
	at org.apache.catalina.core.ApplicationFilterChain.internalDoFilter(ApplicationFilterChain.java:175)
	at org.apache.catalina.core.ApplicationFilterChain.doFilter(ApplicationFilterChain.java:150)
	at org.springframework.web.filter.FormContentFilter.doFilterInternal(FormContentFilter.java:93)
	at org.springframework.web.filter.OncePerRequestFilter.doFilter(OncePerRequestFilter.java:116)
	at org.apache.catalina.core.ApplicationFilterChain.internalDoFilter(ApplicationFilterChain.java:175)
	at org.apache.catalina.core.ApplicationFilterChain.doFilter(ApplicationFilterChain.java:150)
	at org.springframework.web.filter.ServerHttpObservationFilter.doFilterInternal(ServerHttpObservationFilter.java:109)
	at org.springframework.web.filter.OncePerRequestFilter.doFilter(OncePerRequestFilter.java:116)
	at org.apache.catalina.core.ApplicationFilterChain.internalDoFilter(ApplicationFilterChain.java:175)
	at org.apache.catalina.core.ApplicationFilterChain.doFilter(ApplicationFilterChain.java:150)
	at org.springframework.web.filter.CharacterEncodingFilter.doFilterInternal(CharacterEncodingFilter.java:201)
	at org.springframework.web.filter.OncePerRequestFilter.doFilter(OncePerRequestFilter.java:116)
	at org.apache.catalina.core.ApplicationFilterChain.internalDoFilter(ApplicationFilterChain.java:175)
	at org.apache.catalina.core.ApplicationFilterChain.doFilter(ApplicationFilterChain.java:150)
	at org.apache.catalina.core.StandardWrapperValve.invoke(StandardWrapperValve.java:167)
	at org.apache.catalina.core.StandardContextValve.invoke(StandardContextValve.java:90)
	at org.apache.catalina.authenticator.AuthenticatorBase.invoke(AuthenticatorBase.java:482)
	at org.apache.catalina.core.StandardHostValve.invoke(StandardHostValve.java:115)
	at org.apache.catalina.valves.ErrorReportValve.invoke(ErrorReportValve.java:93)
	at org.apache.catalina.core.StandardEngineValve.invoke(StandardEngineValve.java:74)
	at org.apache.catalina.valves.RemoteIpValve.invoke(RemoteIpValve.java:731)
	at org.apache.catalina.connector.CoyoteAdapter.service(CoyoteAdapter.java:344)
	at org.apache.coyote.http11.Http11Processor.service(Http11Processor.java:391)
	at org.apache.coyote.AbstractProcessorLight.process(AbstractProcessorLight.java:63)
	at org.apache.coyote.AbstractProtocol$ConnectionHandler.process(AbstractProtocol.java:896)
	at org.apache.tomcat.util.net.NioEndpoint$SocketProcessor.doRun(NioEndpoint.java:1736)
	at org.apache.tomcat.util.net.SocketProcessorBase.run(SocketProcessorBase.java:52)
	at org.apache.tomcat.util.threads.ThreadPoolExecutor.runWorker(ThreadPoolExecutor.java:1191)
	at org.apache.tomcat.util.threads.ThreadPoolExecutor$Worker.run(ThreadPoolExecutor.java:659)
	at org.apache.tomcat.util.threads.TaskThread$WrappingRunnable.run(TaskThread.java:63)
	at java.lang.Thread.run(java.base@17.0.16/Thread.java:840)

   Locked ownable synchronizers:
	- <0x00000000f9602390> (a org.apache.tomcat.util.threads.ThreadPoolExecutor$Worker)
	- <0x00000000f9bddd98> (a java.util.concurrent.locks.ReentrantLock$NonfairSync)

"http-nio-8080-exec-4" #21 daemon prio=5 os_prio=0 cpu=10.22ms elapsed=114.61s tid=0x00007642c4eda810 nid=0x2d waiting for monitor entry  [0x00007642529fc000]
   java.lang.Thread.State: BLOCKED (on object monitor)
	at com.example.controller.HelloController.hello(HelloController.java:13)
	- waiting to lock <0x00000000fa334480> (a java.lang.Object)
	at jdk.internal.reflect.GeneratedMethodAccessor5.invoke(Unknown Source)
	at jdk.internal.reflect.DelegatingMethodAccessorImpl.invoke(java.base@17.0.16/DelegatingMethodAccessorImpl.java:43)
	at java.lang.reflect.Method.invoke(java.base@17.0.16/Method.java:569)
	at org.springframework.web.method.support.InvocableHandlerMethod.doInvoke(InvocableHandlerMethod.java:255)
	at org.springframework.web.method.support.InvocableHandlerMethod.invokeForRequest(InvocableHandlerMethod.java:188)
	at org.springframework.web.servlet.mvc.method.annotation.ServletInvocableHandlerMethod.invokeAndHandle(ServletInvocableHandlerMethod.java:118)
	at org.springframework.web.servlet.mvc.method.annotation.RequestMappingHandlerAdapter.invokeHandlerMethod(RequestMappingHandlerAdapter.java:926)
	at org.springframework.web.servlet.mvc.method.annotation.RequestMappingHandlerAdapter.handleInternal(RequestMappingHandlerAdapter.java:831)
	at org.springframework.web.servlet.mvc.method.AbstractHandlerMethodAdapter.handle(AbstractHandlerMethodAdapter.java:87)
	at org.springframework.web.servlet.DispatcherServlet.doDispatch(DispatcherServlet.java:1089)
	at org.springframework.web.servlet.DispatcherServlet.doService(DispatcherServlet.java:979)
	at org.springframework.web.servlet.FrameworkServlet.processRequest(FrameworkServlet.java:1014)
	at org.springframework.web.servlet.FrameworkServlet.doGet(FrameworkServlet.java:903)
	at jakarta.servlet.http.HttpServlet.service(HttpServlet.java:564)
	at org.springframework.web.servlet.FrameworkServlet.service(FrameworkServlet.java:885)
	at jakarta.servlet.http.HttpServlet.service(HttpServlet.java:658)
	at org.apache.catalina.core.ApplicationFilterChain.internalDoFilter(ApplicationFilterChain.java:206)
	at org.apache.catalina.core.ApplicationFilterChain.doFilter(ApplicationFilterChain.java:150)
	at org.apache.tomcat.websocket.server.WsFilter.doFilter(WsFilter.java:51)
	at org.apache.catalina.core.ApplicationFilterChain.internalDoFilter(ApplicationFilterChain.java:175)
	at org.apache.catalina.core.ApplicationFilterChain.doFilter(ApplicationFilterChain.java:150)
	at org.springframework.web.filter.RequestContextFilter.doFilterInternal(RequestContextFilter.java:100)
	at org.springframework.web.filter.OncePerRequestFilter.doFilter(OncePerRequestFilter.java:116)
	at org.apache.catalina.core.ApplicationFilterChain.internalDoFilter(ApplicationFilterChain.java:175)
	at org.apache.catalina.core.ApplicationFilterChain.doFilter(ApplicationFilterChain.java:150)
	at org.springframework.web.filter.FormContentFilter.doFilterInternal(FormContentFilter.java:93)
	at org.springframework.web.filter.OncePerRequestFilter.doFilter(OncePerRequestFilter.java:116)
	at org.apache.catalina.core.ApplicationFilterChain.internalDoFilter(ApplicationFilterChain.java:175)
	at org.apache.catalina.core.ApplicationFilterChain.doFilter(ApplicationFilterChain.java:150)
	at org.springframework.web.filter.ServerHttpObservationFilter.doFilterInternal(ServerHttpObservationFilter.java:109)
	at org.springframework.web.filter.OncePerRequestFilter.doFilter(OncePerRequestFilter.java:116)
	at org.apache.catalina.core.ApplicationFilterChain.internalDoFilter(ApplicationFilterChain.java:175)
	at org.apache.catalina.core.ApplicationFilterChain.doFilter(ApplicationFilterChain.java:150)
	at org.springframework.web.filter.CharacterEncodingFilter.doFilterInternal(CharacterEncodingFilter.java:201)
	at org.springframework.web.filter.OncePerRequestFilter.doFilter(OncePerRequestFilter.java:116)
	at org.apache.catalina.core.ApplicationFilterChain.internalDoFilter(ApplicationFilterChain.java:175)
	at org.apache.catalina.core.ApplicationFilterChain.doFilter(ApplicationFilterChain.java:150)
	at org.apache.catalina.core.StandardWrapperValve.invoke(StandardWrapperValve.java:167)
	at org.apache.catalina.core.StandardContextValve.invoke(StandardContextValve.java:90)
	at org.apache.catalina.authenticator.AuthenticatorBase.invoke(AuthenticatorBase.java:482)
	at org.apache.catalina.core.StandardHostValve.invoke(StandardHostValve.java:115)
	at org.apache.catalina.valves.ErrorReportValve.invoke(ErrorReportValve.java:93)
	at org.apache.catalina.core.StandardEngineValve.invoke(StandardEngineValve.java:74)
	at org.apache.catalina.valves.RemoteIpValve.invoke(RemoteIpValve.java:731)
	at org.apache.catalina.connector.CoyoteAdapter.service(CoyoteAdapter.java:344)
	at org.apache.coyote.http11.Http11Processor.service(Http11Processor.java:391)
	at org.apache.coyote.AbstractProcessorLight.process(AbstractProcessorLight.java:63)
	at org.apache.coyote.AbstractProtocol$ConnectionHandler.process(AbstractProtocol.java:896)
	at org.apache.tomcat.util.net.NioEndpoint$SocketProcessor.doRun(NioEndpoint.java:1736)
	at org.apache.tomcat.util.net.SocketProcessorBase.run(SocketProcessorBase.java:52)
	at org.apache.tomcat.util.threads.ThreadPoolExecutor.runWorker(ThreadPoolExecutor.java:1191)
	at org.apache.tomcat.util.threads.ThreadPoolExecutor$Worker.run(ThreadPoolExecutor.java:659)
	at org.apache.tomcat.util.threads.TaskThread$WrappingRunnable.run(TaskThread.java:63)
	at java.lang.Thread.run(java.base@17.0.16/Thread.java:840)

   Locked ownable synchronizers:
	- <0x00000000f96016f8> (a org.apache.tomcat.util.threads.ThreadPoolExecutor$Worker)
	- <0x00000000f9be2388> (a java.util.concurrent.locks.ReentrantLock$NonfairSync)

"http-nio-8080-exec-5" #22 daemon prio=5 os_prio=0 cpu=10.47ms elapsed=114.61s tid=0x00007642c4edb8b0 nid=0x2e waiting for monitor entry  [0x00007642528fc000]
   java.lang.Thread.State: BLOCKED (on object monitor)
	at com.example.controller.HelloController.hello(HelloController.java:13)
	- waiting to lock <0x00000000fa334480> (a java.lang.Object)
	at jdk.internal.reflect.GeneratedMethodAccessor5.invoke(Unknown Source)
	at jdk.internal.reflect.DelegatingMethodAccessorImpl.invoke(java.base@17.0.16/DelegatingMethodAccessorImpl.java:43)
	at java.lang.reflect.Method.invoke(java.base@17.0.16/Method.java:569)
	at org.springframework.web.method.support.InvocableHandlerMethod.doInvoke(InvocableHandlerMethod.java:255)
	at org.springframework.web.method.support.InvocableHandlerMethod.invokeForRequest(InvocableHandlerMethod.java:188)
	at org.springframework.web.servlet.mvc.method.annotation.ServletInvocableHandlerMethod.invokeAndHandle(ServletInvocableHandlerMethod.java:118)
	at org.springframework.web.servlet.mvc.method.annotation.RequestMappingHandlerAdapter.invokeHandlerMethod(RequestMappingHandlerAdapter.java:926)
	at org.springframework.web.servlet.mvc.method.annotation.RequestMappingHandlerAdapter.handleInternal(RequestMappingHandlerAdapter.java:831)
	at org.springframework.web.servlet.mvc.method.AbstractHandlerMethodAdapter.handle(AbstractHandlerMethodAdapter.java:87)
	at org.springframework.web.servlet.DispatcherServlet.doDispatch(DispatcherServlet.java:1089)
	at org.springframework.web.servlet.DispatcherServlet.doService(DispatcherServlet.java:979)
	at org.springframework.web.servlet.FrameworkServlet.processRequest(FrameworkServlet.java:1014)
	at org.springframework.web.servlet.FrameworkServlet.doGet(FrameworkServlet.java:903)
	at jakarta.servlet.http.HttpServlet.service(HttpServlet.java:564)
	at org.springframework.web.servlet.FrameworkServlet.service(FrameworkServlet.java:885)
	at jakarta.servlet.http.HttpServlet.service(HttpServlet.java:658)
	at org.apache.catalina.core.ApplicationFilterChain.internalDoFilter(ApplicationFilterChain.java:206)
	at org.apache.catalina.core.ApplicationFilterChain.doFilter(ApplicationFilterChain.java:150)
	at org.apache.tomcat.websocket.server.WsFilter.doFilter(WsFilter.java:51)
	at org.apache.catalina.core.ApplicationFilterChain.internalDoFilter(ApplicationFilterChain.java:175)
	at org.apache.catalina.core.ApplicationFilterChain.doFilter(ApplicationFilterChain.java:150)
	at org.springframework.web.filter.RequestContextFilter.doFilterInternal(RequestContextFilter.java:100)
	at org.springframework.web.filter.OncePerRequestFilter.doFilter(OncePerRequestFilter.java:116)
	at org.apache.catalina.core.ApplicationFilterChain.internalDoFilter(ApplicationFilterChain.java:175)
	at org.apache.catalina.core.ApplicationFilterChain.doFilter(ApplicationFilterChain.java:150)
	at org.springframework.web.filter.FormContentFilter.doFilterInternal(FormContentFilter.java:93)
	at org.springframework.web.filter.OncePerRequestFilter.doFilter(OncePerRequestFilter.java:116)
	at org.apache.catalina.core.ApplicationFilterChain.internalDoFilter(ApplicationFilterChain.java:175)
	at org.apache.catalina.core.ApplicationFilterChain.doFilter(ApplicationFilterChain.java:150)
	at org.springframework.web.filter.ServerHttpObservationFilter.doFilterInternal(ServerHttpObservationFilter.java:109)
	at org.springframework.web.filter.OncePerRequestFilter.doFilter(OncePerRequestFilter.java:116)
	at org.apache.catalina.core.ApplicationFilterChain.internalDoFilter(ApplicationFilterChain.java:175)
	at org.apache.catalina.core.ApplicationFilterChain.doFilter(ApplicationFilterChain.java:150)
	at org.springframework.web.filter.CharacterEncodingFilter.doFilterInternal(CharacterEncodingFilter.java:201)
	at org.springframework.web.filter.OncePerRequestFilter.doFilter(OncePerRequestFilter.java:116)
	at org.apache.catalina.core.ApplicationFilterChain.internalDoFilter(ApplicationFilterChain.java:175)
	at org.apache.catalina.core.ApplicationFilterChain.doFilter(ApplicationFilterChain.java:150)
	at org.apache.catalina.core.StandardWrapperValve.invoke(StandardWrapperValve.java:167)
	at org.apache.catalina.core.StandardContextValve.invoke(StandardContextValve.java:90)
	at org.apache.catalina.authenticator.AuthenticatorBase.invoke(AuthenticatorBase.java:482)
	at org.apache.catalina.core.StandardHostValve.invoke(StandardHostValve.java:115)
	at org.apache.catalina.valves.ErrorReportValve.invoke(ErrorReportValve.java:93)
	at org.apache.catalina.core.StandardEngineValve.invoke(StandardEngineValve.java:74)
	at org.apache.catalina.valves.RemoteIpValve.invoke(RemoteIpValve.java:731)
	at org.apache.catalina.connector.CoyoteAdapter.service(CoyoteAdapter.java:344)
	at org.apache.coyote.http11.Http11Processor.service(Http11Processor.java:391)
	at org.apache.coyote.AbstractProcessorLight.process(AbstractProcessorLight.java:63)
	at org.apache.coyote.AbstractProtocol$ConnectionHandler.process(AbstractProtocol.java:896)
	at org.apache.tomcat.util.net.NioEndpoint$SocketProcessor.doRun(NioEndpoint.java:1736)
	at org.apache.tomcat.util.net.SocketProcessorBase.run(SocketProcessorBase.java:52)
	at org.apache.tomcat.util.threads.ThreadPoolExecutor.runWorker(ThreadPoolExecutor.java:1191)
	at org.apache.tomcat.util.threads.ThreadPoolExecutor$Worker.run(ThreadPoolExecutor.java:659)
	at org.apache.tomcat.util.threads.TaskThread$WrappingRunnable.run(TaskThread.java:63)
	at java.lang.Thread.run(java.base@17.0.16/Thread.java:840)

   Locked ownable synchronizers:
	- <0x00000000f9601480> (a org.apache.tomcat.util.threads.ThreadPoolExecutor$Worker)
	- <0x00000000f9be6978> (a java.util.concurrent.locks.ReentrantLock$NonfairSync)

"http-nio-8080-exec-6" #23 daemon prio=5 os_prio=0 cpu=7.68ms elapsed=114.61s tid=0x00007642c4edc950 nid=0x2f waiting on condition  [0x00007642527fe000]
   java.lang.Thread.State: WAITING (parking)
	at jdk.internal.misc.Unsafe.park(java.base@17.0.16/Native Method)
	- parking to wait for  <0x00000000f96010c8> (a java.util.concurrent.locks.AbstractQueuedSynchronizer$ConditionObject)
	at java.util.concurrent.locks.LockSupport.park(java.base@17.0.16/LockSupport.java:341)
	at java.util.concurrent.locks.AbstractQueuedSynchronizer$ConditionNode.block(java.base@17.0.16/AbstractQueuedSynchronizer.java:506)
	at java.util.concurrent.ForkJoinPool.unmanagedBlock(java.base@17.0.16/ForkJoinPool.java:3465)
	at java.util.concurrent.ForkJoinPool.managedBlock(java.base@17.0.16/ForkJoinPool.java:3436)
	at java.util.concurrent.locks.AbstractQueuedSynchronizer$ConditionObject.await(java.base@17.0.16/AbstractQueuedSynchronizer.java:1630)
	at java.util.concurrent.LinkedBlockingQueue.take(java.base@17.0.16/LinkedBlockingQueue.java:435)
	at org.apache.tomcat.util.threads.TaskQueue.take(TaskQueue.java:117)
	at org.apache.tomcat.util.threads.TaskQueue.take(TaskQueue.java:33)
	at org.apache.tomcat.util.threads.ThreadPoolExecutor.getTask(ThreadPoolExecutor.java:1114)
	at org.apache.tomcat.util.threads.ThreadPoolExecutor.runWorker(ThreadPoolExecutor.java:1176)
	at org.apache.tomcat.util.threads.ThreadPoolExecutor$Worker.run(ThreadPoolExecutor.java:659)
	at org.apache.tomcat.util.threads.TaskThread$WrappingRunnable.run(TaskThread.java:63)
	at java.lang.Thread.run(java.base@17.0.16/Thread.java:840)

   Locked ownable synchronizers:
	- None

"http-nio-8080-exec-7" #24 daemon prio=5 os_prio=0 cpu=7.19ms elapsed=114.61s tid=0x00007642c4edda00 nid=0x30 waiting on condition  [0x00007642526fe000]
   java.lang.Thread.State: WAITING (parking)
	at jdk.internal.misc.Unsafe.park(java.base@17.0.16/Native Method)
	- parking to wait for  <0x00000000f96010c8> (a java.util.concurrent.locks.AbstractQueuedSynchronizer$ConditionObject)
	at java.util.concurrent.locks.LockSupport.park(java.base@17.0.16/LockSupport.java:341)
	at java.util.concurrent.locks.AbstractQueuedSynchronizer$ConditionNode.block(java.base@17.0.16/AbstractQueuedSynchronizer.java:506)
	at java.util.concurrent.ForkJoinPool.unmanagedBlock(java.base@17.0.16/ForkJoinPool.java:3465)
	at java.util.concurrent.ForkJoinPool.managedBlock(java.base@17.0.16/ForkJoinPool.java:3436)
	at java.util.concurrent.locks.AbstractQueuedSynchronizer$ConditionObject.await(java.base@17.0.16/AbstractQueuedSynchronizer.java:1630)
	at java.util.concurrent.LinkedBlockingQueue.take(java.base@17.0.16/LinkedBlockingQueue.java:435)
	at org.apache.tomcat.util.threads.TaskQueue.take(TaskQueue.java:117)
	at org.apache.tomcat.util.threads.TaskQueue.take(TaskQueue.java:33)
	at org.apache.tomcat.util.threads.ThreadPoolExecutor.getTask(ThreadPoolExecutor.java:1114)
	at org.apache.tomcat.util.threads.ThreadPoolExecutor.runWorker(ThreadPoolExecutor.java:1176)
	at org.apache.tomcat.util.threads.ThreadPoolExecutor$Worker.run(ThreadPoolExecutor.java:659)
	at org.apache.tomcat.util.threads.TaskThread$WrappingRunnable.run(TaskThread.java:63)
	at java.lang.Thread.run(java.base@17.0.16/Thread.java:840)

   Locked ownable synchronizers:
	- None

"http-nio-8080-exec-8" #25 daemon prio=5 os_prio=0 cpu=6.46ms elapsed=114.61s tid=0x00007642c4edeab0 nid=0x31 waiting on condition  [0x00007642525fe000]
   java.lang.Thread.State: WAITING (parking)
	at jdk.internal.misc.Unsafe.park(java.base@17.0.16/Native Method)
	- parking to wait for  <0x00000000f96010c8> (a java.util.concurrent.locks.AbstractQueuedSynchronizer$ConditionObject)
	at java.util.concurrent.locks.LockSupport.park(java.base@17.0.16/LockSupport.java:341)
	at java.util.concurrent.locks.AbstractQueuedSynchronizer$ConditionNode.block(java.base@17.0.16/AbstractQueuedSynchronizer.java:506)
	at java.util.concurrent.ForkJoinPool.unmanagedBlock(java.base@17.0.16/ForkJoinPool.java:3465)
	at java.util.concurrent.ForkJoinPool.managedBlock(java.base@17.0.16/ForkJoinPool.java:3436)
	at java.util.concurrent.locks.AbstractQueuedSynchronizer$ConditionObject.await(java.base@17.0.16/AbstractQueuedSynchronizer.java:1630)
	at java.util.concurrent.LinkedBlockingQueue.take(java.base@17.0.16/LinkedBlockingQueue.java:435)
	at org.apache.tomcat.util.threads.TaskQueue.take(TaskQueue.java:117)
	at org.apache.tomcat.util.threads.TaskQueue.take(TaskQueue.java:33)
	at org.apache.tomcat.util.threads.ThreadPoolExecutor.getTask(ThreadPoolExecutor.java:1114)
	at org.apache.tomcat.util.threads.ThreadPoolExecutor.runWorker(ThreadPoolExecutor.java:1176)
	at org.apache.tomcat.util.threads.ThreadPoolExecutor$Worker.run(ThreadPoolExecutor.java:659)
	at org.apache.tomcat.util.threads.TaskThread$WrappingRunnable.run(TaskThread.java:63)
	at java.lang.Thread.run(java.base@17.0.16/Thread.java:840)

   Locked ownable synchronizers:
	- None

"http-nio-8080-exec-9" #26 daemon prio=5 os_prio=0 cpu=7.38ms elapsed=114.61s tid=0x00007642c4edfaa0 nid=0x32 waiting on condition  [0x00007642524fe000]
   java.lang.Thread.State: WAITING (parking)
	at jdk.internal.misc.Unsafe.park(java.base@17.0.16/Native Method)
	- parking to wait for  <0x00000000f96010c8> (a java.util.concurrent.locks.AbstractQueuedSynchronizer$ConditionObject)
	at java.util.concurrent.locks.LockSupport.park(java.base@17.0.16/LockSupport.java:341)
	at java.util.concurrent.locks.AbstractQueuedSynchronizer$ConditionNode.block(java.base@17.0.16/AbstractQueuedSynchronizer.java:506)
	at java.util.concurrent.ForkJoinPool.unmanagedBlock(java.base@17.0.16/ForkJoinPool.java:3465)
	at java.util.concurrent.ForkJoinPool.managedBlock(java.base@17.0.16/ForkJoinPool.java:3436)
	at java.util.concurrent.locks.AbstractQueuedSynchronizer$ConditionObject.await(java.base@17.0.16/AbstractQueuedSynchronizer.java:1630)
	at java.util.concurrent.LinkedBlockingQueue.take(java.base@17.0.16/LinkedBlockingQueue.java:435)
	at org.apache.tomcat.util.threads.TaskQueue.take(TaskQueue.java:117)
	at org.apache.tomcat.util.threads.TaskQueue.take(TaskQueue.java:33)
	at org.apache.tomcat.util.threads.ThreadPoolExecutor.getTask(ThreadPoolExecutor.java:1114)
	at org.apache.tomcat.util.threads.ThreadPoolExecutor.runWorker(ThreadPoolExecutor.java:1176)
	at org.apache.tomcat.util.threads.ThreadPoolExecutor$Worker.run(ThreadPoolExecutor.java:659)
	at org.apache.tomcat.util.threads.TaskThread$WrappingRunnable.run(TaskThread.java:63)
	at java.lang.Thread.run(java.base@17.0.16/Thread.java:840)

   Locked ownable synchronizers:
	- None

"http-nio-8080-exec-10" #27 daemon prio=5 os_prio=0 cpu=7.09ms elapsed=114.61s tid=0x00007642c4ee0e80 nid=0x33 waiting on condition  [0x00007642523fe000]
   java.lang.Thread.State: WAITING (parking)
	at jdk.internal.misc.Unsafe.park(java.base@17.0.16/Native Method)
	- parking to wait for  <0x00000000f96010c8> (a java.util.concurrent.locks.AbstractQueuedSynchronizer$ConditionObject)
	at java.util.concurrent.locks.LockSupport.park(java.base@17.0.16/LockSupport.java:341)
	at java.util.concurrent.locks.AbstractQueuedSynchronizer$ConditionNode.block(java.base@17.0.16/AbstractQueuedSynchronizer.java:506)
	at java.util.concurrent.ForkJoinPool.unmanagedBlock(java.base@17.0.16/ForkJoinPool.java:3465)
	at java.util.concurrent.ForkJoinPool.managedBlock(java.base@17.0.16/ForkJoinPool.java:3436)
	at java.util.concurrent.locks.AbstractQueuedSynchronizer$ConditionObject.await(java.base@17.0.16/AbstractQueuedSynchronizer.java:1630)
	at java.util.concurrent.LinkedBlockingQueue.take(java.base@17.0.16/LinkedBlockingQueue.java:435)
	at org.apache.tomcat.util.threads.TaskQueue.take(TaskQueue.java:117)
	at org.apache.tomcat.util.threads.TaskQueue.take(TaskQueue.java:33)
	at org.apache.tomcat.util.threads.ThreadPoolExecutor.getTask(ThreadPoolExecutor.java:1114)
	at org.apache.tomcat.util.threads.ThreadPoolExecutor.runWorker(ThreadPoolExecutor.java:1176)
	at org.apache.tomcat.util.threads.ThreadPoolExecutor$Worker.run(ThreadPoolExecutor.java:659)
	at org.apache.tomcat.util.threads.TaskThread$WrappingRunnable.run(TaskThread.java:63)
	at java.lang.Thread.run(java.base@17.0.16/Thread.java:840)

   Locked ownable synchronizers:
	- None

"http-nio-8080-Poller" #28 daemon prio=5 os_prio=0 cpu=14.73ms elapsed=114.61s tid=0x00007642c4ee42e0 nid=0x34 runnable  [0x00007642522fe000]
   java.lang.Thread.State: RUNNABLE
	at sun.nio.ch.EPoll.wait(java.base@17.0.16/Native Method)
	at sun.nio.ch.EPollSelectorImpl.doSelect(java.base@17.0.16/EPollSelectorImpl.java:118)
	at sun.nio.ch.SelectorImpl.lockAndDoSelect(java.base@17.0.16/SelectorImpl.java:129)
	- locked <0x00000000f9604328> (a sun.nio.ch.Util$2)
	- locked <0x00000000f96042d8> (a sun.nio.ch.EPollSelectorImpl)
	at sun.nio.ch.SelectorImpl.select(java.base@17.0.16/SelectorImpl.java:141)
	at org.apache.tomcat.util.net.NioEndpoint$Poller.run(NioEndpoint.java:750)
	at java.lang.Thread.run(java.base@17.0.16/Thread.java:840)

   Locked ownable synchronizers:
	- None

"http-nio-8080-Acceptor" #29 daemon prio=5 os_prio=0 cpu=14.94ms elapsed=114.61s tid=0x00007642c4ee9f90 nid=0x35 runnable  [0x00007642521fe000]
   java.lang.Thread.State: RUNNABLE
	at sun.nio.ch.Net.accept(java.base@17.0.16/Native Method)
	at sun.nio.ch.ServerSocketChannelImpl.implAccept(java.base@17.0.16/ServerSocketChannelImpl.java:425)
	at sun.nio.ch.ServerSocketChannelImpl.accept(java.base@17.0.16/ServerSocketChannelImpl.java:391)
	at org.apache.tomcat.util.net.NioEndpoint.serverSocketAccept(NioEndpoint.java:513)
	at org.apache.tomcat.util.net.NioEndpoint.serverSocketAccept(NioEndpoint.java:71)
	at org.apache.tomcat.util.net.Acceptor.run(Acceptor.java:128)
	at java.lang.Thread.run(java.base@17.0.16/Thread.java:840)

   Locked ownable synchronizers:
	- <0x00000000f9605c80> (a java.util.concurrent.locks.ReentrantLock$NonfairSync)

"Thread-0" #30 prio=5 os_prio=0 cpu=5.37ms elapsed=114.31s tid=0x00007642c4ef47f0 nid=0x36 sleeping [0x00007642520fe000]
   java.lang.Thread.State: TIMED_WAITING (sleeping)
	at java.lang.Thread.sleep(java.base@17.0.16/Native Method)
	at com.example.service.LockSimulator.lambda$start$0(LockSimulator.java:15)
	- locked <0x00000000fa334480> (a java.lang.Object)
	at com.example.service.LockSimulator$$Lambda$969/0x000076425842a4a8.run(Unknown Source)
	at java.lang.Thread.run(java.base@17.0.16/Thread.java:840)

   Locked ownable synchronizers:
	- None

"DestroyJavaVM" #31 prio=5 os_prio=0 cpu=2268.19ms elapsed=114.31s tid=0x00007642c40295f0 nid=0xd waiting on condition  [0x0000000000000000]
   java.lang.Thread.State: RUNNABLE

   Locked ownable synchronizers:
	- None

"Attach Listener" #32 daemon prio=9 os_prio=0 cpu=0.49ms elapsed=0.11s tid=0x000076423c001810 nid=0x73 waiting on condition  [0x0000000000000000]
   java.lang.Thread.State: RUNNABLE

   Locked ownable synchronizers:
	- None

"VM Periodic Task Thread" os_prio=0 cpu=75.54ms elapsed=125.50s tid=0x00007642c40a6e40 nid=0x1d waiting on condition  

"VM Thread" os_prio=0 cpu=36.11ms elapsed=125.50s tid=0x00007642c407cb00 nid=0x13 runnable  

"G1 Service" os_prio=0 cpu=19.64ms elapsed=125.52s tid=0x00007642c4059fe0 nid=0x12 runnable  

"G1 Refine#0" os_prio=0 cpu=10.50ms elapsed=125.52s tid=0x00007642c40590e0 nid=0x11 runnable  

"G1 Conc#0" os_prio=0 cpu=20.51ms elapsed=125.52s tid=0x00007642c404e840 nid=0x10 runnable  

"G1 Main Marker" os_prio=0 cpu=0.61ms elapsed=125.52s tid=0x00007642c404d8d0 nid=0xf runnable  

"GC Thread#0" os_prio=0 cpu=82.93ms elapsed=125.52s tid=0x00007642c404b2f0 nid=0xe runnable  

JNI global refs: 14, weak refs: 0

